<?xml version="1.0" encoding="UTF-8"?>
<testsuite name="Test"
           tests="4"
           failures="0"
           errors="0"
           skipped="0"
           time="0.023">
  <properties />
  
  
            <testcase name="testcaseb" time="0.003" classname="Testcases.testing" />
                <testcase name="testcased" time="0.003" classname="Testcases.testing" />
                <testcase name="testcasec" time="0.002" classname="Testcases.testing" />
                <testcase name="testcase1" time="0.015" classname="Testcases.testing" />
      
</testsuite>
